Mono path[0] = '/home/jerpo/.local/share/Steam/steamapps/common/A Dance of Fire and Ice/ADanceOfFireAndIce_Data/Managed'
Mono config path = '/home/jerpo/.local/share/Steam/steamapps/common/A Dance of Fire and Ice/ADanceOfFireAndIce_Data/MonoBleedingEdge/etc'
Preloaded 'discord_game_sdk.so'
Preloaded 'libStandaloneFileBrowser.so'
Preloaded 'libsteam_api.so'
Display 0 '0': 1920x1080 (primary device).
Desktop is 1920 x 1080 @ 60 Hz
Initialize engine version: 2021.2.17f1 (efb8f635e7b1)
[Subsystems] Discovering subsystems at path /home/jerpo/.local/share/Steam/steamapps/common/A Dance of Fire and Ice/ADanceOfFireAndIce_Data/UnitySubsystems
GfxDevice: creating device client; threaded=1; jobified=0
Renderer: Mesa Intel(R) HD Graphics 520 (SKL GT2)
Vendor:   Intel
Version:  4.6 (Core Profile) Mesa 22.1.7
GLES:     0
 GL_3DFX_texture_compression_FXT1 GL_AMD_conservative_depth GL_AMD_depth_clamp_separate GL_AMD_draw_buffers_blend GL_AMD_gpu_shader_int64 GL_AMD_multi_draw_indirect GL_AMD_performance_monitor GL_AMD_pinned_memory GL_AMD_query_buffer_object GL_AMD_seamless_cubemap_per_texture GL_AMD_shader_stencil_export GL_AMD_shader_trinary_minmax GL_AMD_texture_texture4 GL_AMD_vertex_shader_layer GL_AMD_vertex_shader_viewport_index GL_ANGLE_texture_compression_dxt3 GL_ANGLE_texture_compression_dxt5 GL_ARB_ES2_compatibility GL_ARB_ES3_1_compatibility GL_ARB_ES3_2_compatibility GL_ARB_ES3_compatibility GL_ARB_arrays_of_arrays GL_ARB_base_instance GL_ARB_blend_func_extended GL_ARB_buffer_storage GL_ARB_clear_buffer_object GL_ARB_clear_texture GL_ARB_clip_control GL_ARB_compressed_texture_pixel_storage GL_ARB_compute_shader GL_ARB_compute_variable_group_size GL_ARB_conditional_render_inverted GL_ARB_conservative_depth GL_ARB_copy_buffer GL_ARB_copy_image GL_ARB_cull_distance GL_ARB_debug_output GL_ARB_depth_buffer_float GL_ARB
_depth_clamp GL_ARB_derivative_control GL_ARB_direct_state_access GL_ARB_draw_buffers GL_ARB_draw_buffers_blend GL_ARB_draw_elements_base_vertex GL_ARB_draw_indirect GL_ARB_draw_instanced GL_ARB_enhanced_layouts GL_ARB_explicit_attrib_location GL_ARB_explicit_uniform_location GL_ARB_fragment_coord_conventions GL_ARB_fragment_layer_viewport GL_ARB_fragment_shader GL_ARB_fragment_shader_interlock GL_ARB_framebuffer_no_attachments GL_ARB_framebuffer_object GL_ARB_framebuffer_sRGB GL_ARB_get_program_binary GL_ARB_get_texture_sub_image GL_ARB_gl_spirv GL_ARB_gpu_shader5 GL_ARB_gpu_shader_fp64 GL_ARB_gpu_shader_int64 GL_ARB_half_float_pixel GL_ARB_half_float_vertex GL_ARB_indirect_parameters GL_ARB_instanced_arrays GL_ARB_internalformat_query GL_ARB_internalformat_query2 GL_ARB_invalidate_subdata GL_ARB_map_buffer_alignment GL_ARB_map_buffer_range GL_ARB_multi_bind GL_ARB_multi_draw_indirect GL_ARB_occlusion_query2 GL_ARB_parallel_shader_compile GL_ARB_pipeline_statistics_query GL_ARB_pixel_buffer_object GL_ARB_po
int_sprite GL_ARB_polygon_offset_clamp GL_ARB_post_depth_coverage GL_ARB_program_interface_query GL_ARB_provoking_vertex GL_ARB_query_buffer_object GL_ARB_robust_buffer_access_behavior GL_ARB_robustness GL_ARB_sample_shading GL_ARB_sampler_objects GL_ARB_seamless_cube_map GL_ARB_seamless_cubemap_per_texture GL_ARB_separate_shader_objects GL_ARB_shader_atomic_counter_ops GL_ARB_shader_atomic_counters GL_ARB_shader_ballot GL_ARB_shader_bit_encoding GL_ARB_shader_clock GL_ARB_shader_draw_parameters GL_ARB_shader_group_vote GL_ARB_shader_image_load_store GL_ARB_shader_image_size GL_ARB_shader_objects GL_ARB_shader_precision GL_ARB_shader_stencil_export GL_ARB_shader_storage_buffer_object GL_ARB_shader_subroutine GL_ARB_shader_texture_image_samples GL_ARB_shader_texture_lod GL_ARB_shader_viewport_layer_array GL_ARB_shading_language_420pack GL_ARB_shading_language_include GL_ARB_shading_language_packing GL_ARB_spirv_extensions GL_ARB_stencil_texturing GL_ARB_sync GL_ARB_tessellation_shader GL_ARB_texture_barrier G
L_ARB_texture_buffer_object GL_ARB_texture_buffer_object_rgb32 GL_ARB_texture_buffer_range GL_ARB_texture_compression_bptc GL_ARB_texture_compression_rgtc GL_ARB_texture_cube_map_array GL_ARB_texture_filter_anisotropic GL_ARB_texture_float GL_ARB_texture_gather GL_ARB_texture_mirror_clamp_to_edge GL_ARB_texture_multisample GL_ARB_texture_non_power_of_two GL_ARB_texture_query_levels GL_ARB_texture_query_lod GL_ARB_texture_rectangle GL_ARB_texture_rg GL_ARB_texture_rgb10_a2ui GL_ARB_texture_stencil8 GL_ARB_texture_storage GL_ARB_texture_storage_multisample GL_ARB_texture_swizzle GL_ARB_texture_view GL_ARB_timer_query GL_ARB_transform_feedback2 GL_ARB_transform_feedback3 GL_ARB_transform_feedback_instanced GL_ARB_transform_feedback_overflow_query GL_ARB_uniform_buffer_object GL_ARB_vertex_array_bgra GL_ARB_vertex_array_object GL_ARB_vertex_attrib_64bit GL_ARB_vertex_attrib_binding GL_ARB_vertex_buffer_object GL_ARB_vertex_shader GL_ARB_vertex_type_10f_11f_11f_rev GL_ARB_vertex_type_2_10_10_10_rev GL_ARB_viewpor
t_array GL_ATI_blend_equation_separate GL_ATI_texture_float GL_EXT_EGL_image_storage GL_EXT_EGL_sync GL_EXT_abgr GL_EXT_blend_equation_separate GL_EXT_demote_to_helper_invocation GL_EXT_draw_buffers2 GL_EXT_draw_instanced GL_EXT_framebuffer_blit GL_EXT_framebuffer_multisample GL_EXT_framebuffer_multisample_blit_scaled GL_EXT_framebuffer_object GL_EXT_framebuffer_sRGB GL_EXT_memory_object GL_EXT_memory_object_fd GL_EXT_packed_depth_stencil GL_EXT_packed_float GL_EXT_pixel_buffer_object GL_EXT_polygon_offset_clamp GL_EXT_provoking_vertex GL_EXT_semaphore GL_EXT_semaphore_fd GL_EXT_shader_framebuffer_fetch GL_EXT_shader_framebuffer_fetch_non_coherent GL_EXT_shader_integer_mix GL_EXT_shader_samples_identical GL_EXT_texture_array GL_EXT_texture_compression_dxt1 GL_EXT_texture_compression_rgtc GL_EXT_texture_compression_s3tc GL_EXT_texture_filter_anisotropic GL_EXT_texture_integer GL_EXT_texture_sRGB GL_EXT_texture_sRGB_R8 GL_EXT_texture_sRGB_decode GL_EXT_texture_shadow_lod GL_EXT_texture_shared_exponent GL_EXT_t
exture_snorm GL_EXT_texture_swizzle GL_EXT_timer_query GL_EXT_transform_feedback GL_EXT_vertex_array_bgra GL_EXT_vertex_attrib_64bit GL_IBM_multimode_draw_arrays GL_INTEL_blackhole_render GL_INTEL_conservative_rasterization GL_INTEL_performance_query GL_INTEL_shader_atomic_float_minmax GL_INTEL_shader_integer_functions2 GL_KHR_blend_equation_advanced GL_KHR_blend_equation_advanced_coherent GL_KHR_context_flush_control GL_KHR_debug GL_KHR_no_error GL_KHR_parallel_shader_compile GL_KHR_robust_buffer_access_behavior GL_KHR_robustness GL_KHR_texture_compression_astc_ldr GL_KHR_texture_compression_astc_sliced_3d GL_MESA_framebuffer_flip_y GL_MESA_pack_invert GL_MESA_shader_integer_functions GL_MESA_texture_signed_rgba GL_NV_compute_shader_derivatives GL_NV_conditional_render GL_NV_copy_image GL_NV_depth_clamp GL_NV_fragment_shader_interlock GL_NV_packed_depth_stencil GL_NV_texture_barrier GL_OES_EGL_image GL_S3_s3tc
OPENGL LOG: Creating OpenGL 4.6 graphics device ; Context level  <OpenGL 4.5> ; Context handle 36792384
Begin MonoManager ReloadAssembly
- Completed reload, in  0.516 seconds
Default vsync count 0
requesting resize 1920 x 1080
Using native desktop resolution 1920 x 1080
requesting fullscreen 1920 x 1080 at 0 Hz
Desktop is 1920 x 1080 @ 60 Hz
UnloadTime: 4.041728 ms
isInSteamLibrary: True
Version r94, (2022/08/18 12:33 AM)
Saving backup.
Saving backup.
[S_API] SteamAPI_Init(): Loaded '/home/jerpo/.local/share/Steam/linux64/steamclient.so' OK.
Setting breakpad minidump AppID = 977950
SteamInternal_SetMinidumpSteamID:  Caching Steam ID:  76561198833127990 [API loaded no]
Has license for 1977570: False
Neo Cosmos: owns False, has False
Discord was not initialized: Discord.ResultException: InternalError
  at Discord.Discord..ctor (System.Int64 clientId, System.UInt64 flags) [0x00327] in <e8d3acc8fec144e3a02d1556c61b74c4>:0 
  at DiscordController.OnEnable () [0x0001f] in <929da68323b043fda612162433a59cc9>:0 
runtime path: /home/jerpo/.local/share/Steam/steamapps/common/A Dance of Fire and Ice/ADanceOfFireAndIce_Data/StreamingAssets/aa
Unloading 6 Unused Serialized files (Serialized files now loaded: 0)
UnloadTime: 10.962903 ms
Unloading 10 unused Assets to reduce memory usage. Loaded Objects now: 25052.
Total: 20.315431 ms (FindLiveObjects: 1.386176 ms CreateObjectMapping: 0.447456 ms MarkObjects: 18.416732 ms  DeleteObjects: 0.064359 ms)

Unloading 2 Unused Serialized files (Serialized files now loaded: 0)
Unloading 0 unused Assets to reduce memory usage. Loaded Objects now: 25052.
Total: 20.209570 ms (FindLiveObjects: 1.321901 ms CreateObjectMapping: 0.452581 ms MarkObjects: 18.359072 ms  DeleteObjects: 0.074972 ms)

Shader warmup: 90 shaders 278 combinations 0.062s
<color=#0099bc><b>DOTWEEN ► </b></color>Max Tweens reached: capacity has automatically been increased from 500/50 to 1250/50. Use DOTween.SetTweensCapacity to set it manually at startup
Unloading 0 Unused Serialized files (Serialized files now loaded: 0)
Unloading 1 unused Assets to reduce memory usage. Loaded Objects now: 25115.
Total: 32.371244 ms (FindLiveObjects: 4.359919 ms CreateObjectMapping: 2.489406 ms MarkObjects: 25.453478 ms  DeleteObjects: 0.067012 ms)

Unloading 0 Unused Serialized files (Serialized files now loaded: 0)
Unloading 0 unused Assets to reduce memory usage. Loaded Objects now: 25115.
Total: 28.802411 ms (FindLiveObjects: 2.939522 ms CreateObjectMapping: 1.421457 ms MarkObjects: 24.393734 ms  DeleteObjects: 0.046379 ms)

Unloading 6 Unused Serialized files (Serialized files now loaded: 0)
UnloadTime: 44.953806 ms
Unloading 370 unused Assets to reduce memory usage. Loaded Objects now: 6186.
Total: 15.642380 ms (FindLiveObjects: 0.510561 ms CreateObjectMapping: 0.365901 ms MarkObjects: 13.682056 ms  DeleteObjects: 1.083001 ms)

Unloading 7 Unused Serialized files (Serialized files now loaded: 0)
Unloading 19 unused Assets to reduce memory usage. Loaded Objects now: 9253.
Total: 20.918055 ms (FindLiveObjects: 0.528584 ms CreateObjectMapping: 0.286528 ms MarkObjects: 20.064033 ms  DeleteObjects: 0.038195 ms)

Shader warmup: 90 shaders 281 combinations 0.018s
AudioManager: path = /home/jerpo/.local/share/Steam/steamapps/workshop/content/977950/2659237501/비밀 인형극 II.ogg filename = 비밀 인형극 II.ogg extension = .ogg 
AudioManager: path = /home/jerpo/.local/share/Steam/steamapps/workshop/content/977950/2537052609/Plum - Timeline (Orgel ver.).ogg filename = Plum - Timeline (Orgel ver.).ogg extension = .ogg 
AudioManager: path = /home/jerpo/.local/share/Steam/steamapps/workshop/content/977950/2594620319/blacklight - nightkilla.ogg filename = blacklight - nightkilla.ogg extension = .ogg 
AudioManager: path = /home/jerpo/.local/share/Steam/steamapps/workshop/content/977950/2647296231/smile丶轩 - 花绽放.ogg filename = smile丶轩 - 花绽放.ogg extension = .ogg 
AudioManager: path = /home/jerpo/.local/share/Steam/steamapps/workshop/content/977950/2648764838/Gachimuchi - Unity.ogg filename = Gachimuchi - Unity.ogg extension = .ogg 
AudioManager: path = /home/jerpo/.local/share/Steam/steamapps/workshop/content/977950/2574640057/Thefatrat - Xenogenesis.ogg filename = Thefatrat - Xenogenesis.ogg extension = .ogg 
AudioManager: path = /home/jerpo/.local/share/Steam/steamapps/workshop/content/977950/2499319727/Xomu - Lanterns.ogg filename = Xomu - Lanterns.ogg extension = .ogg 
AudioManager: path = /home/jerpo/.local/share/Steam/steamapps/workshop/content/977950/2662456178/You're Just Like Pop Music.ogg filename = You're Just Like Pop Music.ogg extension = .ogg 
AudioManager: path = /home/jerpo/.local/share/Steam/steamapps/workshop/content/977950/2682681602/-_.ogg filename = -_.ogg extension = .ogg 
Unloading 1 Unused Serialized files (Serialized files now loaded: 0)
Unloading 7 unused Assets to reduce memory usage. Loaded Objects now: 13950.
Total: 24.787632 ms (FindLiveObjects: 1.201751 ms CreateObjectMapping: 2.250700 ms MarkObjects: 21.272557 ms  DeleteObjects: 0.061400 ms)

Unloading 0 Unused Serialized files (Serialized files now loaded: 0)
Unloading 0 unused Assets to reduce memory usage. Loaded Objects now: 13950.
Total: 32.730134 ms (FindLiveObjects: 0.970225 ms CreateObjectMapping: 1.100617 ms MarkObjects: 30.608820 ms  DeleteObjects: 0.048598 ms)

Unloading 6 Unused Serialized files (Serialized files now loaded: 0)
UnloadTime: 26.879296 ms
Unloading 118 unused Assets to reduce memory usage. Loaded Objects now: 6480.
Total: 14.433134 ms (FindLiveObjects: 0.358388 ms CreateObjectMapping: 0.269666 ms MarkObjects: 13.228175 ms  DeleteObjects: 0.576108 ms)

Didn't find localized key editor.DecorationSettings.decorations or editor.decorations
Unloading 6 Unused Serialized files (Serialized files now loaded: 0)
Unloading 6 unused Assets to reduce memory usage. Loaded Objects now: 64608.
Total: 38.214208 ms (FindLiveObjects: 3.869651 ms CreateObjectMapping: 1.056565 ms MarkObjects: 33.006309 ms  DeleteObjects: 0.280900 ms)

Unloading 1 Unused Serialized files (Serialized files now loaded: 0)
Unloading 0 unused Assets to reduce memory usage. Loaded Objects now: 64608.
Total: 38.629061 ms (FindLiveObjects: 3.753848 ms CreateObjectMapping: 1.076339 ms MarkObjects: 33.685689 ms  DeleteObjects: 0.112371 ms)

Shader warmup: 94 shaders 303 combinations 0.018s
Unloading 1 Unused Serialized files (Serialized files now loaded: 0)
Event doesn't contain key requiredMods
type: LevelSettings
key artist, value <size=0>ああああ
key specialArtistType, value None
key artistPermission, value werwerr.PNG
key song, value ショウ・マスト・ゴー・オン</size>          <size=0> (Show Must Go On)</size>
key author, value Nickname, LoS
key separateCountdownTime, value Enabled
key previewImage, value 제목을 입력해주세요__복사본-009.png
key previewIcon, value 050-settings.png
key previewIconColor, value 9eb7ffff
key previewSongStart, value 15
key previewSongDuration, value 20
key seizureWarning, value Disabled
key levelDesc, value ADOFAI Game Contest Final Round
얼불춤 게임 마지막 라운드

ああああ - ショウ・マスト・ゴー・オン！

By Nickname, LoS

key levelTags, value 쉬움, 느림 ,이지, 신남, 펑키, 예쁨, 고퀄, 저퀄, 팀 베가, ADOFAI, 얼불춤, Easy, Slow, Fun, Team Vega, Pharah, 파
key artistLinks, value https://soundcloud.com/ricora
key difficulty, value 4
AudioManager: path = /home/jerpo/.local/share/Steam/steamapps/workshop/content/977950/2682681602/-_.ogg filename = -_.ogg extension = .ogg 
Unloading 0 unused Assets to reduce memory usage. Loaded Objects now: 83307.
Total: 111.574313 ms (FindLiveObjects: 6.343293 ms CreateObjectMapping: 5.939502 ms MarkObjects: 99.132764 ms  DeleteObjects: 0.156902 ms)

Unloading 1 Unused Serialized files (Serialized files now loaded: 0)
Unloading 23 unused Assets to reduce memory usage. Loaded Objects now: 83954.
Total: 68.282217 ms (FindLiveObjects: 11.771432 ms CreateObjectMapping: 3.526325 ms MarkObjects: 52.747858 ms  DeleteObjects: 0.235700 ms)

Unloading 1 Unused Serialized files (Serialized files now loaded: 0)
Unloading 48 unused Assets to reduce memory usage. Loaded Objects now: 85481.
Total: 66.872983 ms (FindLiveObjects: 12.212540 ms CreateObjectMapping: 2.603653 ms MarkObjects: 51.810063 ms  DeleteObjects: 0.245209 ms)

Unloading 0 Unused Serialized files (Serialized files now loaded: 0)
Unloading 0 unused Assets to reduce memory usage. Loaded Objects now: 85479.
Total: 67.366401 ms (FindLiveObjects: 9.152545 ms CreateObjectMapping: 4.008279 ms MarkObjects: 54.056097 ms  DeleteObjects: 0.148655 ms)

Unloading 0 Unused Serialized files (Serialized files now loaded: 0)
Unloading 0 unused Assets to reduce memory usage. Loaded Objects now: 85479.
Total: 76.782544 ms (FindLiveObjects: 13.221741 ms CreateObjectMapping: 3.361360 ms MarkObjects: 60.054890 ms  DeleteObjects: 0.143398 ms)

Unloading 6 Unused Serialized files (Serialized files now loaded: 0)
UnloadTime: 157.057689 ms
Unloading 131 unused Assets to reduce memory usage. Loaded Objects now: 7688.
Total: 42.182275 ms (FindLiveObjects: 0.471193 ms CreateObjectMapping: 0.329288 ms MarkObjects: 40.469682 ms  DeleteObjects: 0.911343 ms)

Unloading 7 Unused Serialized files (Serialized files now loaded: 0)
Unloading 216 unused Assets to reduce memory usage. Loaded Objects now: 10493.
Total: 50.130130 ms (FindLiveObjects: 0.579648 ms CreateObjectMapping: 0.388221 ms MarkObjects: 48.737536 ms  DeleteObjects: 0.424053 ms)

Shader warmup: 94 shaders 303 combinations 0.017s
AudioManager: path = /home/jerpo/.local/share/Steam/steamapps/workshop/content/977950/2687883736/ひよっ子サンタの日常。.ogg filename = ひよっ子サンタの日常。.ogg extension = .ogg 
AudioManager: path = /home/jerpo/.local/share/Steam/steamapps/workshop/content/977950/2603580150/ミカヅキBIGWAVE - Emotional Prism 感情的なプリズム.ogg filename = ミカヅキBIGWAVE - Emotional Prism 感情的なプリズム.ogg extension = .ogg 
Unloading 1 Unused Serialized files (Serialized files now loaded: 0)
Unloading 3 unused Assets to reduce memory usage. Loaded Objects now: 15174.
Total: 47.653082 ms (FindLiveObjects: 0.930210 ms CreateObjectMapping: 0.485450 ms MarkObjects: 46.178792 ms  DeleteObjects: 0.057885 ms)

Unloading 0 Unused Serialized files (Serialized files now loaded: 0)
Unloading 0 unused Assets to reduce memory usage. Loaded Objects now: 15174.
Total: 50.997691 ms (FindLiveObjects: 1.601429 ms CreateObjectMapping: 2.693856 ms MarkObjects: 46.652992 ms  DeleteObjects: 0.048561 ms)

Unloading 6 Unused Serialized files (Serialized files now loaded: 0)
UnloadTime: 25.129375 ms
Unloading 120 unused Assets to reduce memory usage. Loaded Objects now: 7697.
Total: 42.621345 ms (FindLiveObjects: 0.421760 ms CreateObjectMapping: 0.314206 ms MarkObjects: 40.724427 ms  DeleteObjects: 1.160265 ms)

Didn't find localized key editor.DecorationSettings.decorations or editor.decorations
Unloading 6 Unused Serialized files (Serialized files now loaded: 0)
Unloading 3 unused Assets to reduce memory usage. Loaded Objects now: 65389.
Total: 69.783391 ms (FindLiveObjects: 3.726299 ms CreateObjectMapping: 1.399150 ms MarkObjects: 64.524244 ms  DeleteObjects: 0.132670 ms)

Unloading 1 Unused Serialized files (Serialized files now loaded: 0)
Unloading 0 unused Assets to reduce memory usage. Loaded Objects now: 65389.
Total: 70.821447 ms (FindLiveObjects: 4.070667 ms CreateObjectMapping: 1.180184 ms MarkObjects: 65.464253 ms  DeleteObjects: 0.105419 ms)

Shader warmup: 94 shaders 303 combinations 0.013s
Unloading 0 Unused Serialized files (Serialized files now loaded: 0)
Event doesn't contain key requiredMods
type: LevelSettings
key artist, value ミカヅキBIGWAVE
key specialArtistType, value None
key artistPermission, value 
key song, value Emotional Prism 感情的なプリズム
key author, value Eskay
key separateCountdownTime, value Enabled
key previewImage, value artworks-000209538514-z1gwho-t500x500.jpg
key previewIcon, value 
key previewIconColor, value ffabed
key previewSongStart, value 0
key previewSongDuration, value 10
key seizureWarning, value Enabled
key levelDesc, value This song slaps. Open to constructive criticism on chart design. (this is only my second chart)
key levelTags, value easy, medium, future funk
key artistLinks, value https://soundcloud.com/pinkneontokyo/emotionalprism, https://www.youtube.com/watch?v=o0-DCn9Vao0
key difficulty, value 4
AudioManager: path = /home/jerpo/.local/share/Steam/steamapps/workshop/content/977950/2603580150/ミカヅキBIGWAVE - Emotional Prism 感情的なプリズム.ogg filename = ミカヅキBIGWAVE - Emotional Prism 感情的なプリズム.ogg extension = .ogg 
Unloading 1 unused Assets to reduce memory usage. Loaded Objects now: 88477.
Total: 86.897778 ms (FindLiveObjects: 15.022619 ms CreateObjectMapping: 1.951467 ms MarkObjects: 69.774927 ms  DeleteObjects: 0.147272 ms)

Unloading 1 Unused Serialized files (Serialized files now loaded: 0)
Unloading 0 unused Assets to reduce memory usage. Loaded Objects now: 89771.
Total: 80.269330 ms (FindLiveObjects: 10.337613 ms CreateObjectMapping: 2.965381 ms MarkObjects: 66.812414 ms  DeleteObjects: 0.152693 ms)

Unloading 1 Unused Serialized files (Serialized files now loaded: 0)
Unloading 1 unused Assets to reduce memory usage. Loaded Objects now: 91253.
Total: 68.103092 ms (FindLiveObjects: 10.913907 ms CreateObjectMapping: 1.527104 ms MarkObjects: 55.503679 ms  DeleteObjects: 0.157668 ms)

Unloading 0 Unused Serialized files (Serialized files now loaded: 0)
Unloading 0 unused Assets to reduce memory usage. Loaded Objects now: 91250.
Total: 72.113566 ms (FindLiveObjects: 7.316753 ms CreateObjectMapping: 2.934668 ms MarkObjects: 61.710868 ms  DeleteObjects: 0.150089 ms)

Unloading 0 Unused Serialized files (Serialized files now loaded: 0)
Unloading 0 unused Assets to reduce memory usage. Loaded Objects now: 91250.
Total: 73.878713 ms (FindLiveObjects: 9.476728 ms CreateObjectMapping: 5.044404 ms MarkObjects: 59.206314 ms  DeleteObjects: 0.150344 ms)

Unloading 6 Unused Serialized files (Serialized files now loaded: 0)
UnloadTime: 112.786927 ms
Unloading 121 unused Assets to reduce memory usage. Loaded Objects now: 8381.
Total: 72.064610 ms (FindLiveObjects: 0.515155 ms CreateObjectMapping: 0.374773 ms MarkObjects: 69.924169 ms  DeleteObjects: 1.249872 ms)

Unloading 7 Unused Serialized files (Serialized files now loaded: 0)
Unloading 192 unused Assets to reduce memory usage. Loaded Objects now: 11210.
Total: 80.162086 ms (FindLiveObjects: 0.609084 ms CreateObjectMapping: 0.390182 ms MarkObjects: 78.773418 ms  DeleteObjects: 0.388310 ms)

Shader warmup: 94 shaders 303 combinations 0.016s
AudioManager: path = /home/jerpo/.local/share/Steam/steamapps/workshop/content/977950/2603580150/ミカヅキBIGWAVE - Emotional Prism 感情的なプリズム.ogg filename = ミカヅキBIGWAVE - Emotional Prism 感情的なプリズム.ogg extension = .ogg 
Unloading 1 Unused Serialized files (Serialized files now loaded: 0)
Unloading 3 unused Assets to reduce memory usage. Loaded Objects now: 15883.
Total: 102.370540 ms (FindLiveObjects: 1.768391 ms CreateObjectMapping: 0.998520 ms MarkObjects: 99.542263 ms  DeleteObjects: 0.060505 ms)

Unloading 0 Unused Serialized files (Serialized files now loaded: 0)
Unloading 0 unused Assets to reduce memory usage. Loaded Objects now: 15883.
Total: 13094.159543 ms (FindLiveObjects: 12659.228002 ms CreateObjectMapping: 127.272786 ms MarkObjects: 307.330383 ms  DeleteObjects: 0.327465 ms)

Unloading 6 Unused Serialized files (Serialized files now loaded: 0)
UnloadTime: 76.524226 ms
Unloading 120 unused Assets to reduce memory usage. Loaded Objects now: 8406.
Total: 117.010690 ms (FindLiveObjects: 1.345088 ms CreateObjectMapping: 0.985134 ms MarkObjects: 106.185474 ms  DeleteObjects: 8.493846 ms)

Didn't find localized key editor.DecorationSettings.decorations or editor.decorations
Unloading 6 Unused Serialized files (Serialized files now loaded: 0)
Unloading 2 unused Assets to reduce memory usage. Loaded Objects now: 66099.
Total: 113.371427 ms (FindLiveObjects: 4.645835 ms CreateObjectMapping: 11.008333 ms MarkObjects: 97.589262 ms  DeleteObjects: 0.127179 ms)

Unloading 1 Unused Serialized files (Serialized files now loaded: 0)
Unloading 0 unused Assets to reduce memory usage. Loaded Objects now: 66099.
Total: 107.199613 ms (FindLiveObjects: 4.617079 ms CreateObjectMapping: 1.435755 ms MarkObjects: 101.027142 ms  DeleteObjects: 0.118738 ms)

Shader warmup: 94 shaders 303 combinations 0.050s
Unloading 0 Unused Serialized files (Serialized files now loaded: 0)
Event doesn't contain key requiredMods
type: LevelSettings
key artist, value ミカヅキBIGWAVE
key specialArtistType, value None
key artistPermission, value 
key song, value Emotional Prism 感情的なプリズム
key author, value Eskay
key separateCountdownTime, value Enabled
key previewImage, value artworks-000209538514-z1gwho-t500x500.jpg
key previewIcon, value 
key previewIconColor, value ffabed
key previewSongStart, value 0
key previewSongDuration, value 10
key seizureWarning, value Enabled
key levelDesc, value This song slaps. Open to constructive criticism on chart design. (this is only my second chart)
key levelTags, value easy, medium, future funk
key artistLinks, value https://soundcloud.com/pinkneontokyo/emotionalprism, https://www.youtube.com/watch?v=o0-DCn9Vao0
key difficulty, value 4
AudioManager: path = /home/jerpo/.local/share/Steam/steamapps/workshop/content/977950/2603580150/ミカヅキBIGWAVE - Emotional Prism 感情的なプリズム.ogg filename = ミカヅキBIGWAVE - Emotional Prism 感情的なプリズム.ogg extension = .ogg 
Unloading 1 unused Assets to reduce memory usage. Loaded Objects now: 89187.
Total: 103.853424 ms (FindLiveObjects: 8.081604 ms CreateObjectMapping: 1.851569 ms MarkObjects: 93.752853 ms  DeleteObjects: 0.166345 ms)

Unloading 1 Unused Serialized files (Serialized files now loaded: 0)
Unloading 0 unused Assets to reduce memory usage. Loaded Objects now: 90475.
Total: 114.090648 ms (FindLiveObjects: 7.482901 ms CreateObjectMapping: 3.792532 ms MarkObjects: 102.664007 ms  DeleteObjects: 0.150252 ms)

Unloading 0 Unused Serialized files (Serialized files now loaded: 0)
Unloading 0 unused Assets to reduce memory usage. Loaded Objects now: 90487.
Total: 115.840623 ms (FindLiveObjects: 6.430941 ms CreateObjectMapping: 2.075810 ms MarkObjects: 107.171999 ms  DeleteObjects: 0.161013 ms)

Unloading 0 Unused Serialized files (Serialized files now loaded: 0)
Unloading 0 unused Assets to reduce memory usage. Loaded Objects now: 90487.
Total: 119.469648 ms (FindLiveObjects: 9.481312 ms CreateObjectMapping: 4.342654 ms MarkObjects: 105.496583 ms  DeleteObjects: 0.148386 ms)

Unloading 0 Unused Serialized files (Serialized files now loaded: 0)
Unloading 0 unused Assets to reduce memory usage. Loaded Objects now: 89211.
Total: 118.014007 ms (FindLiveObjects: 7.610234 ms CreateObjectMapping: 2.017640 ms MarkObjects: 108.176148 ms  DeleteObjects: 0.209136 ms)

Unloading 1 Unused Serialized files (Serialized files now loaded: 0)
Unloading 1 unused Assets to reduce memory usage. Loaded Objects now: 92013.
Total: 115.623828 ms (FindLiveObjects: 8.560900 ms CreateObjectMapping: 1.623259 ms MarkObjects: 105.278870 ms  DeleteObjects: 0.159679 ms)

Setting up 2 worker threads for Enlighten.
Curl error 6: Could not resolve host: cdp.cloud.unity3d.com
Memory Statistics:
[ALLOC_TEMP_TLS] TLS Allocator
  StackAllocators : 
    [ALLOC_TEMP_MAIN]
      Peak usage frame count: [0-1.0 KB]: 8 frames, [2.0 KB-4.0 KB]: 1 frames, [4.0 KB-8.0 KB]: 29 frames, [8.0 KB-16.0 KB]: 1 frames, [16.0 KB-32.0 KB]: 583 frames, [32.0 KB-64.0 KB]: 1081 frames, [256.0 KB-0.5 MB]: 18632 frames, [0.5 MB-1.0 MB]: 3 frames, [1.0 MB-2.0 MB]: 8 frames, [2.0 MB-4.0 MB]: 1 frames, [4.0 MB-8.0 MB]: 22 frames
      Initial Block Size 4.0 MB
      Current Block Size 6.2 MB
      Peak Allocated Bytes 6.2 MB
      Overflow Count 1
    [ALLOC_TEMP_Loading.AsyncRead]
      Initial Block Size 64.0 KB
      Current Block Size 64.0 KB
      Peak Allocated Bytes 128 B
      Overflow Count 0
    [ALLOC_TEMP_Loading.PreloadManager]
      Initial Block Size 256.0 KB
      Current Block Size 0.5 MB
      Peak Allocated Bytes 408.4 KB
      Overflow Count 88
    [ALLOC_TEMP_Background Job.Worker 8]
      Initial Block Size 32.0 KB
      Current Block Size 32.0 KB
      Peak Allocated Bytes 0 B
      Overflow Count 0
    [ALLOC_TEMP_Background Job.Worker 9]
      Initial Block Size 32.0 KB
      Current Block Size 64.0 KB
      Peak Allocated Bytes 62.5 KB
      Overflow Count 0
    [ALLOC_TEMP_Job.Worker 0]
      Initial Block Size 256.0 KB
      Current Block Size 256.0 KB
      Peak Allocated Bytes 74.6 KB
      Overflow Count 0
    [ALLOC_TEMP_Background Job.Worker 10]
      Initial Block Size 32.0 KB
      Current Block Size 32.0 KB
      Peak Allocated Bytes 4.0 KB
      Overflow Count 0
    [ALLOC_TEMP_Background Job.Worker 14]
      Initial Block Size 32.0 KB
      Current Block Size 64.0 KB
      Peak Allocated Bytes 62.5 KB
      Overflow Count 0
    [ALLOC_TEMP_Background Job.Worker 6]
      Initial Block Size 32.0 KB
      Current Block Size 32.0 KB
      Peak Allocated Bytes 15.6 KB
      Overflow Count 0
    [ALLOC_TEMP_Background Job.Worker 12]
      Initial Block Size 32.0 KB
      Current Block Size 32.0 KB
      Peak Allocated Bytes 5.0 KB
      Overflow Count 0
    [ALLOC_TEMP_EnlightenWorker] x 2
      Initial Block Size 64.0 KB
      Current Block Size 64.0 KB
      Peak Allocated Bytes 0 B
      Overflow Count 0
    [ALLOC_TEMP_Background Job.Worker 15]
      Initial Block Size 32.0 KB
      Current Block Size 32.0 KB
      Peak Allocated Bytes 0 B
      Overflow Count 0
    [ALLOC_TEMP_Background Job.Worker 1]
      Initial Block Size 32.0 KB
      Current Block Size 32.0 KB
      Peak Allocated Bytes 5.0 KB
      Overflow Count 0
    [ALLOC_TEMP_Background Job.Worker 2]
      Initial Block Size 32.0 KB
      Current Block Size 32.0 KB
      Peak Allocated Bytes 15.6 KB
      Overflow Count 0
    [ALLOC_TEMP_Background Job.Worker 7]
      Initial Block Size 32.0 KB
      Current Block Size 32.0 KB
      Peak Allocated Bytes 6.0 KB
      Overflow Count 0
    [ALLOC_TEMP_UnityGfxDeviceWorker]
      Initial Block Size 256.0 KB
      Current Block Size 372.0 KB
      Peak Allocated Bytes 371.8 KB
      Overflow Count 93
    [ALLOC_TEMP_AssetGarbageCollectorHelper] x 3
      Initial Block Size 64.0 KB
      Current Block Size 64.0 KB
      Peak Allocated Bytes 0 B
      Overflow Count 0
    [ALLOC_TEMP_Background Job.Worker 5]
      Initial Block Size 32.0 KB
      Current Block Size 32.0 KB
      Peak Allocated Bytes 10.6 KB
      Overflow Count 0
    [ALLOC_TEMP_Background Job.Worker 13]
      Initial Block Size 32.0 KB
      Current Block Size 32.0 KB
      Peak Allocated Bytes 5.9 KB
      Overflow Count 0
    [ALLOC_TEMP_Job.Worker 1]
      Initial Block Size 256.0 KB
      Current Block Size 256.0 KB
      Peak Allocated Bytes 74.6 KB
      Overflow Count 0
    [ALLOC_TEMP_Job.Worker 2]
      Initial Block Size 256.0 KB
      Current Block Size 256.0 KB
      Peak Allocated Bytes 74.6 KB
      Overflow Count 0
    [ALLOC_TEMP_Background Job.Worker 3]
      Initial Block Size 32.0 KB
      Current Block Size 32.0 KB
      Peak Allocated Bytes 15.6 KB
      Overflow Count 0
    [ALLOC_TEMP_Background Job.Worker 11]
      Initial Block Size 32.0 KB
      Current Block Size 32.0 KB
      Peak Allocated Bytes 10.6 KB
      Overflow Count 0
    [ALLOC_TEMP_Background Job.Worker 0]
      Initial Block Size 32.0 KB
      Current Block Size 32.0 KB
      Peak Allocated Bytes 4.0 KB
      Overflow Count 1
    [ALLOC_TEMP_CloudJob.Worker 0]
      Initial Block Size 32.0 KB
      Current Block Size 32.0 KB
      Peak Allocated Bytes 6.5 KB
      Overflow Count 0
    [ALLOC_TEMP_Background Job.Worker 4]
      Initial Block Size 32.0 KB
      Current Block Size 32.0 KB
      Peak Allocated Bytes 4.0 KB
      Overflow Count 0
    [ALLOC_TEMP_BatchDeleteObjects]
      Initial Block Size 64.0 KB
      Current Block Size 64.0 KB
      Peak Allocated Bytes 0 B
      Overflow Count 0
[ALLOC_DEFAULT] Dual Thread Allocator
  Peak main deferred allocation count 36052
    [ALLOC_BUCKET]
      Large Block size 4.0 MB
      Used Block count 1
      Peak Allocated bytes 4.0 MB
      Failed Allocations. Bucket layout:
        16B: 16 Subsections = 16384 buckets. Failed count: 46795
        32B: 25 Subsections = 12800 buckets. Failed count: 43751
        48B: 38 Subsections = 12970 buckets. Failed count: 717862
        64B: 66 Subsections = 16896 buckets. Failed count: 48291
        80B: 40 Subsections = 8192 buckets. Failed count: 7977
        96B: 17 Subsections = 2901 buckets. Failed count: 19747
        112B: 9 Subsections = 1316 buckets. Failed count: 94959
        128B: 45 Subsections = 5760 buckets. Failed count: 45290
    [ALLOC_DEFAULT_MAIN]
      Peak usage frame count: [32.0 MB-64.0 MB]: 2012 frames, [64.0 MB-128.0 MB]: 18357 frames
      Requested Block Size 16.0 MB
      Peak Block count 7
      Peak Allocated memory 91.7 MB
      Peak Large allocation bytes 0 B
    [ALLOC_DEFAULT_THREAD]
      Peak usage frame count: [4.0 MB-8.0 MB]: 11 frames, [8.0 MB-16.0 MB]: 898 frames, [16.0 MB-32.0 MB]: 19150 frames, [32.0 MB-64.0 MB]: 307 frames, [64.0 MB-128.0 MB]: 1 frames, [128.0 MB-256.0 MB]: 2 frames
      Requested Block Size 16.0 MB
      Peak Block count 3
      Peak Allocated memory 200.4 MB
      Peak Large allocation bytes 181.1 MB
[ALLOC_TEMP_JOB_1_FRAME]
  Initial Block Size 2.0 MB
  Used Block Count 1
  Overflow Count (too large) 0
  Overflow Count (full) 0
[ALLOC_TEMP_JOB_2_FRAMES]
  Initial Block Size 2.0 MB
  Used Block Count 1
  Overflow Count (too large) 0
  Overflow Count (full) 0
[ALLOC_TEMP_JOB_4_FRAMES (JobTemp)]
  Initial Block Size 2.0 MB
  Used Block Count 3
  Overflow Count (too large) 0
  Overflow Count (full) 0
[ALLOC_TEMP_JOB_ASYNC (Background)]
  Initial Block Size 1.0 MB
  Used Block Count 9
  Overflow Count (too large) 25
  Overflow Count (full) 0
[ALLOC_GFX] Dual Thread Allocator
  Peak main deferred allocation count 24
    [ALLOC_BUCKET]
      Large Block size 4.0 MB
      Used Block count 1
      Peak Allocated bytes 4.0 MB
      Failed Allocations. Bucket layout:
        16B: 16 Subsections = 16384 buckets. Failed count: 46795
        32B: 25 Subsections = 12800 buckets. Failed count: 43751
        48B: 38 Subsections = 12970 buckets. Failed count: 717862
        64B: 66 Subsections = 16896 buckets. Failed count: 48291
        80B: 40 Subsections = 8192 buckets. Failed count: 7977
        96B: 17 Subsections = 2901 buckets. Failed count: 19747
        112B: 9 Subsections = 1316 buckets. Failed count: 94959
        128B: 45 Subsections = 5760 buckets. Failed count: 45290
    [ALLOC_GFX_MAIN]
      Peak usage frame count: [1.0 MB-2.0 MB]: 356 frames, [2.0 MB-4.0 MB]: 374 frames, [4.0 MB-8.0 MB]: 465 frames, [8.0 MB-16.0 MB]: 6 frames, [256.0 MB-0.50 GB]: 19168 frames
      Requested Block Size 16.0 MB
      Peak Block count 4
      Peak Allocated memory 375.6 MB
      Peak Large allocation bytes 320.6 MB
    [ALLOC_GFX_THREAD]
      Peak usage frame count: [4.0 KB-8.0 KB]: 11 frames, [1.0 MB-2.0 MB]: 17885 frames, [2.0 MB-4.0 MB]: 467 frames, [8.0 MB-16.0 MB]: 1863 frames, [16.0 MB-32.0 MB]: 35 frames, [128.0 MB-256.0 MB]: 108 frames
      Requested Block Size 16.0 MB
      Peak Block count 2
      Peak Allocated memory 210.7 MB
      Peak Large allocation bytes 196.4 MB
[ALLOC_CACHEOBJECTS] Dual Thread Allocator
  Peak main deferred allocation count 1049
    [ALLOC_BUCKET]
      Large Block size 4.0 MB
      Used Block count 1
      Peak Allocated bytes 4.0 MB
      Failed Allocations. Bucket layout:
        16B: 16 Subsections = 16384 buckets. Failed count: 46795
        32B: 25 Subsections = 12800 buckets. Failed count: 43751
        48B: 38 Subsections = 12970 buckets. Failed count: 717862
        64B: 66 Subsections = 16896 buckets. Failed count: 48291
        80B: 40 Subsections = 8192 buckets. Failed count: 7977
        96B: 17 Subsections = 2901 buckets. Failed count: 19747
        112B: 9 Subsections = 1316 buckets. Failed count: 94959
        128B: 45 Subsections = 5760 buckets. Failed count: 45290
    [ALLOC_CACHEOBJECTS_MAIN]
      Peak usage frame count: [8.0 MB-16.0 MB]: 20369 frames
      Requested Block Size 4.0 MB
      Peak Block count 3
      Peak Allocated memory 13.6 MB
      Peak Large allocation bytes 2.9 MB
    [ALLOC_CACHEOBJECTS_THREAD]
      Peak usage frame count: [32.0 MB-64.0 MB]: 20369 frames
      Requested Block Size 4.0 MB
      Peak Block count 6
      Peak Allocated memory 56.4 MB
      Peak Large allocation bytes 36.0 MB
[ALLOC_TYPETREE] Dual Thread Allocator
  Peak main deferred allocation count 0
    [ALLOC_BUCKET]
      Large Block size 4.0 MB
      Used Block count 1
      Peak Allocated bytes 4.0 MB
      Failed Allocations. Bucket layout:
        16B: 16 Subsections = 16384 buckets. Failed count: 46795
        32B: 25 Subsections = 12800 buckets. Failed count: 43751
        48B: 38 Subsections = 12970 buckets. Failed count: 717862
        64B: 66 Subsections = 16896 buckets. Failed count: 48291
        80B: 40 Subsections = 8192 buckets. Failed count: 7977
        96B: 17 Subsections = 2901 buckets. Failed count: 19747
        112B: 9 Subsections = 1316 buckets. Failed count: 94959
        128B: 45 Subsections = 5760 buckets. Failed count: 45290
    [ALLOC_TYPETREE_MAIN]
      Peak usage frame count: [256.0 KB-0.5 MB]: 20369 frames
      Requested Block Size 2.0 MB
      Peak Block count 1
      Peak Allocated memory 309.0 KB
      Peak Large allocation bytes 0 B
    [ALLOC_TYPETREE_THREAD]
      Peak usage frame count: [1.0 KB-2.0 KB]: 11 frames, [4.0 KB-8.0 KB]: 1187 frames, [8.0 KB-16.0 KB]: 19171 frames
      Requested Block Size 2.0 MB
      Peak Block count 1
      Peak Allocated memory 8.7 KB
      Peak Large allocation bytes 0 B
